Build started 1/13/2017 12:50:00 PM.
     1>Project "d:\Users\Bishal Santra\Documents\Visual Studio 2013\Projects\cuMatPro_v1\cuMatPro_v1\cuMatPro_v1.vcxproj" on node 2 (Build target(s)).
     1>AddCudaCompileDeps:
         D:\Program Files (x86)\Microsoft Visual Studio 12.0\VC\bin\x86_amd64\cl.exe /E /nologo /showIncludes /TP /D__CUDACC__ /DWIN32 /DWIN64 /D_DEBUG /D_CONSOLE /D_MBCS /ID:\ProgramData\opencv\build\include /I"C:\Program Files\NVIDIA GPU Computing Toolkit\CUDA\v8.0\include" /I"C:\Program Files\NVIDIA GPU Computing Toolkit\CUDA\v8.0\bin" /I"C:\Program Files\NVIDIA GPU Computing Toolkit\CUDA\v8.0\include" /I. /FIcuda_runtime.h /c "d:\Users\Bishal Santra\Documents\Visual Studio 2013\Projects\cuMatPro_v1\cuMatPro_v1\kernel.cu" 
       AddCudaCompileDeps:
         D:\Program Files (x86)\Microsoft Visual Studio 12.0\VC\bin\x86_amd64\cl.exe /E /nologo /showIncludes /TP /D__CUDACC__ /DWIN32 /DWIN64 /D_DEBUG /D_CONSOLE /D_MBCS /ID:\ProgramData\opencv\build\include /I"C:\Program Files\NVIDIA GPU Computing Toolkit\CUDA\v8.0\include" /I"C:\Program Files\NVIDIA GPU Computing Toolkit\CUDA\v8.0\bin" /I"C:\Program Files\NVIDIA GPU Computing Toolkit\CUDA\v8.0\include" /I. /FIcuda_runtime.h /c "d:\Users\Bishal Santra\Documents\Visual Studio 2013\Projects\cuMatPro_v1\cuMatPro_v1\Random_kernels.cu" 
       ClCompile:
         D:\Program Files (x86)\Microsoft Visual Studio 12.0\VC\bin\x86_amd64\CL.exe /c /ID:\ProgramData\opencv\build\include /I"C:\Program Files\NVIDIA GPU Computing Toolkit\CUDA\v8.0\include" /Zi /nologo /W3 /WX- /Od /D WIN32 /D WIN64 /D _DEBUG /D _CONSOLE /D _MBCS /Gm /EHsc /RTC1 /MDd /GS /fp:precise /Zc:wchar_t /Zc:forScope /Fo"x64\Debug\\" /Fd"x64\Debug\vc120.pdb" /Gd /TP /errorReport:prompt DLLayer_kernels.cu.h
         DLLayer_kernels.cu.h
     1>d:\users\bishal santra\documents\visual studio 2013\projects\cumatpro_v1\cumatpro_v1\ModelParams_kernels.cu.h(24): error C3861: 'gamrnd_d': identifier not found
     1>Done Building Project "d:\Users\Bishal Santra\Documents\Visual Studio 2013\Projects\cuMatPro_v1\cuMatPro_v1\cuMatPro_v1.vcxproj" (Build target(s)) -- FAILED.

Build FAILED.

Time Elapsed 00:00:02.91
